11:34:13.898 karate.env system property was:  
11:34:14.969 request:
1 > GET http://127.0.0.1:5000/users
1 > Accept-Encoding: gzip,deflate
1 > Connection: Keep-Alive
1 > Host: 127.0.0.1:5000
1 > User-Agent: Apache-HttpClient/4.5.11 (Java/1.8.0_241)

11:34:15.664 response time in milliseconds: 625.80
1 < 200
1 < Content-Length: 1353
1 < Content-Type: application/json
1 < Date: Tue, 31 Mar 2020 06:04:15 GMT
1 < Server: Werkzeug/0.16.1 Python/3.6.6
[
  {
    "email": "balaji@gmail.com", 
    "id": 1, 
    "name": "balaji", 
    "password": "sai"
  }, 
  {
    "email": "ram@gmail.com", 
    "id": 2, 
    "name": "ram", 
    "password": "sai"
  }, 
  {
    "email": "Lusy12@gmail.com", 
    "id": 3, 
    "name": "Lusy", 
    "password": "1234we"
  }, 
  {
    "email": "john@gmail.com", 
    "id": 6, 
    "name": "John Smith", 
    "password": "balaji"
  }, 
  {
    "email": "jack@gmail.com", 
    "id": 8, 
    "name": "jack", 
    "password": "jack"
  }, 
  {
    "email": "john@gmail.com", 
    "id": 9, 
    "name": "john", 
    "password": "john"
  }, 
  {
    "email": "mary@gmail.com", 
    "id": 13, 
    "name": "mary", 
    "password": "mary"
  }, 
  {
    "email": "jackson@gmail.com", 
    "id": 14, 
    "name": "jackson", 
    "password": "jackson"
  }, 
  {
    "email": "henry@gmail.com", 
    "id": 15, 
    "name": "henry", 
    "password": "henry"
  }, 
  {
    "email": "magrit@gmail.com", 
    "id": 17, 
    "name": "magrit", 
    "password": "henry"
  }, 
  {
    "email": "harley@gmail.com", 
    "id": 18, 
    "name": "harley", 
    "password": "henry"
  }, 
  {
    "email": "harley@gmail.com", 
    "id": 19, 
    "name": "harley", 
    "password": "henry"
  }, 
  {
    "email": "harley@gmail.com", 
    "id": 20, 
    "name": "harley", 
    "password": "henry"
  }
]


